<?xml version="1.0" encoding="UTF-8"?>
<!-- Generated by org.testng.reporters.JUnitReportReporter -->
<testsuite hostname="LT-NB-058" name="testcase.PageObjectModel" tests="3" failures="0" timestamp="13 Oct 2016 12:36:36 GMT" time="11.404" errors="0">
  <testcase name="moduleActions" time="3.014" classname="testcase.PageObjectModel"/>
  <testcase name="moduleActions" time="3.750" classname="testcase.PageObjectModel"/>
  <testcase name="moduleActions" time="4.640" classname="testcase.PageObjectModel"/>
</testsuite> <!-- testcase.PageObjectModel -->
