<?xml version="1.0" encoding="UTF-8"?>
<!-- Generated by org.testng.reporters.JUnitReportReporter -->
<testsuite hostname="LT-NB-058" name="jenkinGithub_project1.Test1" tests="1" failures="0" timestamp="14 Oct 2016 13:07:01 GMT" time="13.357" errors="0">
  <testcase name="execute" time="13.357" classname="jenkinGithub_project1.Test1"/>
</testsuite> <!-- jenkinGithub_project1.Test1 -->
