<?xml version="1.0" encoding="UTF-8"?>
<!-- Generated by org.testng.reporters.JUnitReportReporter -->
<testsuite hostname="LT-NB-058" name="testcase.PageObjectModel" tests="3" failures="0" timestamp="13 Oct 2016 12:28:11 GMT" time="11.891" errors="0">
  <testcase name="moduleActions" time="3.512" classname="testcase.PageObjectModel"/>
  <testcase name="moduleActions" time="5.221" classname="testcase.PageObjectModel"/>
  <testcase name="moduleActions" time="3.158" classname="testcase.PageObjectModel"/>
</testsuite> <!-- testcase.PageObjectModel -->
